0 info it worked if it ends with ok
1 verbose cli [ 'node', '/usr/local/bin/npm', 'start' ]
2 info using npm@3.8.3
3 info using node@v0.10.28
4 verbose node symlink /usr/local/bin/node
5 verbose run-script [ 'prestart', 'start', 'poststart' ]
6 info lifecycle qa-app@0.0.0~prestart: qa-app@0.0.0
7 silly lifecycle qa-app@0.0.0~prestart: no script for prestart, continuing
8 info lifecycle qa-app@0.0.0~start: qa-app@0.0.0
9 verbose lifecycle qa-app@0.0.0~start: unsafe-perm in lifecycle true
10 verbose lifecycle qa-app@0.0.0~start: PATH: /usr/local/lib/node_modules/npm/bin/node-gyp-bin:/Users/Yame/Desktop/qa-app/node_modules/.bin:/usr/local/bin:/Applications/MAMP/bin/php/php5.4.26/bin:/usr/bin:/bin:/usr/sbin:/sbin:/usr/local/bin:/opt/X11/bin:/Applications/DevDesktop/drush
11 verbose lifecycle qa-app@0.0.0~start: CWD: /Users/Yame/Desktop/qa-app
12 silly lifecycle qa-app@0.0.0~start: Args: [ '-c', 'node ./bin/www' ]
13 silly lifecycle qa-app@0.0.0~start: Returned: code: 1  signal: null
14 info lifecycle qa-app@0.0.0~start: Failed to exec start script
15 verbose stack Error: qa-app@0.0.0 start: `node ./bin/www`
15 verbose stack Exit status 1
15 verbose stack     at EventEmitter.<anonymous> (/usr/local/lib/node_modules/npm/lib/utils/lifecycle.js:239:16)
15 verbose stack     at EventEmitter.emit (events.js:98:17)
15 verbose stack     at ChildProcess.<anonymous> (/usr/local/lib/node_modules/npm/lib/utils/spawn.js:24:14)
15 verbose stack     at ChildProcess.EventEmitter.emit (events.js:98:17)
15 verbose stack     at maybeClose (child_process.js:753:16)
15 verbose stack     at Process.ChildProcess._handle.onexit (child_process.js:820:5)
16 verbose pkgid qa-app@0.0.0
17 verbose cwd /Users/Yame/Desktop/qa-app
18 error Darwin 15.4.0
19 error argv "node" "/usr/local/bin/npm" "start"
20 error node v0.10.28
21 error npm  v3.8.3
22 error code ELIFECYCLE
23 error qa-app@0.0.0 start: `node ./bin/www`
23 error Exit status 1
24 error Failed at the qa-app@0.0.0 start script 'node ./bin/www'.
24 error Make sure you have the latest version of node.js and npm installed.
24 error If you do, this is most likely a problem with the qa-app package,
24 error not with npm itself.
24 error Tell the author that this fails on your system:
24 error     node ./bin/www
24 error You can get information on how to open an issue for this project with:
24 error     npm bugs qa-app
24 error Or if that isn't available, you can get their info via:
24 error     npm owner ls qa-app
24 error There is likely additional logging output above.
25 verbose exit [ 1, true ]
